Performing C++ SOURCE FILE Test CMAKE_HAVE_LIBC_PTHREAD failed with the following output:
Change Dir: /home/ian/ABLOOP/GUI/cpp-qt5/build/CMakeFiles/CMakeTmp

Run Build Command(s):/usr/bin/make -f Makefile cmTC_c04b5/fast && make[1]: Entering directory '/home/ian/ABLOOP/GUI/cpp-qt5/build/CMakeFiles/CMakeTmp'
/usr/bin/make  -f CMakeFiles/cmTC_c04b5.dir/build.make CMakeFiles/cmTC_c04b5.dir/build
make[2]: Entering directory '/home/ian/ABLOOP/GUI/cpp-qt5/build/CMakeFiles/CMakeTmp'
Building CXX object CMakeFiles/cmTC_c04b5.dir/src.cxx.o
/usr/bin/c++ -DCMAKE_HAVE_LIBC_PTHREAD   -o CMakeFiles/cmTC_c04b5.dir/src.cxx.o -c /home/ian/ABLOOP/GUI/cpp-qt5/build/CMakeFiles/CMakeTmp/src.cxx
Linking CXX executable cmTC_c04b5
/usr/local/bin/cmake -E cmake_link_script CMakeFiles/cmTC_c04b5.dir/link.txt --verbose=1
/usr/bin/c++ -rdynamic CMakeFiles/cmTC_c04b5.dir/src.cxx.o -o cmTC_c04b5 
/usr/bin/ld: CMakeFiles/cmTC_c04b5.dir/src.cxx.o: in function `main':
src.cxx:(.text+0x46): undefined reference to `pthread_create'
/usr/bin/ld: src.cxx:(.text+0x52): undefined reference to `pthread_detach'
/usr/bin/ld: src.cxx:(.text+0x5e): undefined reference to `pthread_cancel'
/usr/bin/ld: src.cxx:(.text+0x6f): undefined reference to `pthread_join'
collect2: error: ld returned 1 exit status
make[2]: *** [CMakeFiles/cmTC_c04b5.dir/build.make:99: cmTC_c04b5] Error 1
make[2]: Leaving directory '/home/ian/ABLOOP/GUI/cpp-qt5/build/CMakeFiles/CMakeTmp'
make[1]: *** [Makefile:127: cmTC_c04b5/fast] Error 2
make[1]: Leaving directory '/home/ian/ABLOOP/GUI/cpp-qt5/build/CMakeFiles/CMakeTmp'


Source file was:
#include <pthread.h>

static void* test_func(void* data)
{
  return data;
}

int main(void)
{
  pthread_t thread;
  pthread_create(&thread, NULL, test_func, NULL);
  pthread_detach(thread);
  pthread_cancel(thread);
  pthread_join(thread, NULL);
  pthread_atfork(NULL, NULL, NULL);
  pthread_exit(NULL);

  return 0;
}

Determining if the function pthread_create exists in the pthreads failed with the following output:
Change Dir: /home/ian/ABLOOP/GUI/cpp-qt5/build/CMakeFiles/CMakeTmp

Run Build Command(s):/usr/bin/make -f Makefile cmTC_324ff/fast && make[1]: Entering directory '/home/ian/ABLOOP/GUI/cpp-qt5/build/CMakeFiles/CMakeTmp'
/usr/bin/make  -f CMakeFiles/cmTC_324ff.dir/build.make CMakeFiles/cmTC_324ff.dir/build
make[2]: Entering directory '/home/ian/ABLOOP/GUI/cpp-qt5/build/CMakeFiles/CMakeTmp'
Building CXX object CMakeFiles/cmTC_324ff.dir/CheckFunctionExists.cxx.o
/usr/bin/c++   -DCHECK_FUNCTION_EXISTS=pthread_create -o CMakeFiles/cmTC_324ff.dir/CheckFunctionExists.cxx.o -c /home/ian/ABLOOP/GUI/cpp-qt5/build/CMakeFiles/CheckLibraryExists/CheckFunctionExists.cxx
Linking CXX executable cmTC_324ff
/usr/local/bin/cmake -E cmake_link_script CMakeFiles/cmTC_324ff.dir/link.txt --verbose=1
/usr/bin/c++  -DCHECK_FUNCTION_EXISTS=pthread_create -rdynamic CMakeFiles/cmTC_324ff.dir/CheckFunctionExists.cxx.o -o cmTC_324ff  -lpthreads 
/usr/bin/ld: cannot find -lpthreads
collect2: error: ld returned 1 exit status
make[2]: *** [CMakeFiles/cmTC_324ff.dir/build.make:99: cmTC_324ff] Error 1
make[2]: Leaving directory '/home/ian/ABLOOP/GUI/cpp-qt5/build/CMakeFiles/CMakeTmp'
make[1]: *** [Makefile:127: cmTC_324ff/fast] Error 2
make[1]: Leaving directory '/home/ian/ABLOOP/GUI/cpp-qt5/build/CMakeFiles/CMakeTmp'



